Info: CustomCategory:visao_geral_do_sbgpp: 22 mini seconds publishing element
Info: Report:sbgpp_overview: 15 mini seconds publishing element
Info: RoleSet:papeis_do_sbgpp: 16 mini seconds publishing element
Info: Role:gerente_de_processo: 47 mini seconds publishing element
Info: Task:plano_de_lancamentos: 16 mini seconds publishing element
Info: Task:retrospectiva_do_estagio: 15 mini seconds publishing element
Info: Task:reuniao_de_brainstorm: 47 mini seconds publishing element
Info: Task:reuniao_de_planejamento_do_estagio: 16 mini seconds publishing element
Info: Task:reuniao_de_revisao_do_estagio: 15 mini seconds publishing element
Info: Task:reuniao_diaria: 16 mini seconds publishing element
Info: Role:gerente_do_jogo: 31 mini seconds publishing element
Info: Artifact:ideias_de_elementos_do_estagio: 16 mini seconds publishing element
Info: Role:time_audiovisual: 62 mini seconds publishing element
Info: Task:balanceamento_do_estagio: 16 mini seconds publishing element
Info: Task:construcao_do_estagio: 16 mini seconds publishing element
Info: Task:estimando_a_lista_de_aspectos_primarios: 15 mini seconds publishing element
Info: Task:teste_do_estagio: 16 mini seconds publishing element
Info: Artifact:guia_de_aspectos_do_estagio: 15 mini seconds publishing element
Info: Artifact:incremento_de_jogo_jogavel: 16 mini seconds publishing element
Info: Artifact:lista_de_aspectos_primarios: 16 mini seconds publishing element
Info: Artifact:quadro_de_aspectos: 15 mini seconds publishing element
Info: Role:time_de_mecanicas_e_jogabilidade: 78 mini seconds publishing element
Info: WorkProductType:produtos_de_trabalho_do_sbgpp: 0 mini seconds publishing element
Info: Task:priorizando_os_aspectos_primarios: 16 mini seconds publishing element
Info: Discipline:atividades_do_sbgpp: 16 mini seconds publishing element
Info: DeliveryProcess:ciclo: 281 mini seconds publishing element
Info: DeliveryProcess:ciclo: 219 mini seconds publishing process specific layout data
Info: Iteration:iteracao: 109 mini seconds publishing element
Info: Activity:Atividades Pré-Estágio: 250 mini seconds publishing element
Info: Activity:Atividades do Estágio: 188 mini seconds publishing element
Info: Activity:Atividades Pós-Estágio: 109 mini seconds publishing element
Info: TaskDescriptor:estimando_a_lista_de_aspectos_primarios: 16 mini seconds publishing element
Info: TaskDescriptor:plano_de_lancamentos: 15 mini seconds publishing element
Info: TaskDescriptor:priorizando_os_aspectos_primarios: 16 mini seconds publishing element
Info: TaskDescriptor:reuniao_de_planejamento_do_estagio: 31 mini seconds publishing element
Info: TaskDescriptor:reuniao_diaria: 16 mini seconds publishing element
Info: TaskDescriptor:balanceamento_do_estagio: 0 mini seconds publishing element
Info: TaskDescriptor:construcao_do_estagio: 32 mini seconds publishing element
Info: TaskDescriptor:reuniao_de_brainstorm: 15 mini seconds publishing element
Info: TaskDescriptor:teste_do_estagio: 16 mini seconds publishing element
Info: TaskDescriptor:retrospectiva_do_estagio: 15 mini seconds publishing element
Info: TaskDescriptor:reuniao_de_revisao_do_estagio: 16 mini seconds publishing element
Info: RoleDescriptor:gerente_de_processo: 16 mini seconds publishing element
Info: RoleDescriptor:gerente_do_jogo: 15 mini seconds publishing element
Info: RoleDescriptor:time_audiovisual: 16 mini seconds publishing element
Info: RoleDescriptor:time_de_mecanicas_e_jogabilidade: 16 mini seconds publishing element
Info: WorkProductDescriptor:guia_de_aspectos_do_estagio: 15 mini seconds publishing element
Info: WorkProductDescriptor:ideias_de_elementos_do_estagio: 16 mini seconds publishing element
Info: WorkProductDescriptor:incremento_de_jogo_jogavel: 15 mini seconds publishing element
Info: WorkProductDescriptor:lista_de_aspectos_primarios: 32 mini seconds publishing element
Info: WorkProductDescriptor:quadro_de_aspectos: 15 mini seconds publishing element
Info: RoleDescriptor:gerente_de_processo: 16 mini seconds publishing element
Info: RoleDescriptor:gerente_do_jogo: 16 mini seconds publishing element
Info: RoleDescriptor:time_audiovisual: 15 mini seconds publishing element
Info: RoleDescriptor:time_de_mecanicas_e_jogabilidade: 31 mini seconds publishing element
Info: WorkProductDescriptor:guia_de_aspectos_do_estagio: 16 mini seconds publishing element
Info: RoleDescriptor:gerente_de_processo: 0 mini seconds publishing element
Info: RoleDescriptor:gerente_do_jogo: 0 mini seconds publishing element
Info: RoleDescriptor:time_audiovisual: 15 mini seconds publishing element
Info: RoleDescriptor:time_de_mecanicas_e_jogabilidade: 16 mini seconds publishing element
Info: WorkProductDescriptor:guia_de_aspectos_do_estagio: 16 mini seconds publishing element
Info: WorkProductDescriptor:quadro_de_aspectos: 15 mini seconds publishing element
Info: : Publishing time: 0 minutes 3 seconds
